=== Customer Support Ticket Processing System ===
Powered by DynamicExecutor + Runtime Plugin Stack

--- Processing TICKET-001 ---
Message: I cannot login to my account, password reset not working

2026/06/26 09:59:17 INFO runtime: plugin started plugin=checkpoint
2026/06/26 09:59:17 INFO runtime: plugin started plugin=observer
2026/06/26 09:59:17 INFO runtime: plugin started plugin=tool
2026/06/26 09:59:17 INFO runtime: plugin started plugin=recovery
   ✓ Validated TICKET-001
   ✓ Classified as account
   ✓ Priority: low
   ✓ Ticket TICKET-001 → account_team (priority: low)
   ✓ Logged resolution for TICKET-001

  Execution dyn-exec-1782439157234347000-1: status=completed steps=5
    validate: completed (285.333µs)
    classify: completed (35.875µs)
    prioritize: completed (19.583µs)
    route: completed (18.209µs)
    log: completed (31.25µs)
  Collector: routes=0 tools=0 memory=0 errors=0

--- Processing TICKET-002 ---
Message: Payment failed for order #12345, please help urgent

2026/06/26 09:59:17 INFO runtime: plugin started plugin=checkpoint
2026/06/26 09:59:17 INFO runtime: plugin started plugin=observer
2026/06/26 09:59:17 INFO runtime: plugin started plugin=tool
2026/06/26 09:59:17 INFO runtime: plugin started plugin=recovery
   ✓ Validated TICKET-002
   ✓ Classified as general
   ✓ Priority: high
   ✓ Ticket TICKET-002 → general_team (priority: high)
   ✓ Logged resolution for TICKET-002

  Execution dyn-exec-1782439157246444000-2: status=completed steps=5
    validate: completed (62.5µs)
    classify: completed (23.666µs)
    prioritize: completed (28.709µs)
    route: completed (28.75µs)
    log: completed (30.417µs)
  Collector: routes=0 tools=0 memory=0 errors=0

--- Processing TICKET-003 ---
Message: App crashes when I try to upload files

2026/06/26 09:59:17 INFO runtime: plugin started plugin=checkpoint
2026/06/26 09:59:17 INFO runtime: plugin started plugin=observer
2026/06/26 09:59:17 INFO runtime: plugin started plugin=tool
2026/06/26 09:59:17 INFO runtime: plugin started plugin=recovery
   ✓ Validated TICKET-003
   ✓ Classified as technical
   ✓ Priority: medium
   ✓ Ticket TICKET-003 → technical_team (priority: medium)
   ✓ Logged resolution for TICKET-003

  Execution dyn-exec-1782439157258108000-3: status=completed steps=5
    validate: completed (59.583µs)
    classify: completed (26.209µs)
    prioritize: completed (23.125µs)
    route: completed (20.959µs)
    log: completed (28.292µs)
  Collector: routes=0 tools=0 memory=0 errors=0

=== All tickets processed successfully! ===