=== ApplyAtCheckpoint ===
2026/06/26 09:48:16 INFO runtime: plugin started plugin=demo-observer
  Status: completed, steps: 2
    "s1": status=completed output="processed: first"
    "s1_child": status=completed output="processed: child_of_s1"
  PluginBus events observed: 6
    [dyn-exec-1782438496305156000-1] workflow.started
    [dyn-exec-1782438496305156000-1] step.started
    [dyn-exec-1782438496305156000-1] step.completed
    [dyn-exec-1782438496305156000-1] step.started
    [dyn-exec-1782438496305156000-1] step.completed
    [dyn-exec-1782438496305156000-1] workflow.completed

=== ApplyImmediate ===
2026/06/26 09:48:16 INFO runtime: plugin started plugin=demo-observer
  Status: completed, steps: 2
    "s1": status=completed output="processed: first"
    "s1_child": status=completed output="processed: child_of_s1"
  PluginBus events observed: 6
    [dyn-exec-1782438496378672000-2] workflow.started
    [dyn-exec-1782438496378672000-2] step.started
    [dyn-exec-1782438496378672000-2] step.completed
    [dyn-exec-1782438496378672000-2] step.started
    [dyn-exec-1782438496378672000-2] step.completed
    [dyn-exec-1782438496378672000-2] workflow.completed